[00:12:15] [ServerMain/INFO]: Environment: Environment[sessionHost=https://sessionserver.mojang.com, servicesHost=https://api.minecraftservices.com, profilesHost=https://api.mojang.com, name=PROD]
[00:12:18] [ServerMain/INFO]: Loaded 1461 recipes
[00:12:18] [ServerMain/INFO]: Loaded 1574 advancements
[00:12:18] [Server thread/INFO]: Starting minecraft server version 1.21.10
[00:12:18] [Server thread/INFO]: Loading properties
[00:12:18] [Server thread/INFO]: Default game type: SURVIVAL
[00:12:18] [Server thread/INFO]: Generating keypair
[00:12:18] [Server thread/INFO]: Starting Minecraft server on *:25565
[00:12:18] [Server thread/INFO]: Using epoll channel type
[00:12:18] [Server thread/WARN]: **** SERVER IS RUNNING IN OFFLINE/INSECURE MODE!
[00:12:18] [Server thread/WARN]: The server will make no attempt to authenticate usernames. Beware.
[00:12:18] [Server thread/WARN]: While this makes the game possible to play without internet access, it also opens up the ability for hackers to connect with any username they choose.
[00:12:18] [Server thread/WARN]: To change this, set "online-mode" to "true" in the server.properties file.
[00:12:18] [Server thread/INFO]: Preparing level "world"
[00:12:18] [Server thread/INFO]: Loading 0 persistent chunks...
[00:12:18] [Server thread/INFO]: Preparing spawn area: 100%
[00:12:18] [Server thread/INFO]: Time elapsed: 16 ms
[00:12:18] [Server thread/INFO]: Done (0.319s)! For help, type "help"
[00:12:28] [Server thread/INFO]: KALAKA111[/100.90.168.62:50736] logged in with entity id 47 at (-41.38793571985552, 63.0, -0.5222177597446647)
[00:12:28] [Server thread/INFO]: KALAKA111 joined the game
[00:12:32] [Server thread/INFO]: valen_cunzo[/100.88.235.79:63390] logged in with entity id 359 at (-69.70768444332414, 67.0, -9.894005834956646)
[00:12:32] [Server thread/INFO]: valen_cunzo joined the game
[00:13:00] [Server thread/INFO]: KALAKA111 has made the advancement [Monster Hunter]
[00:19:39] [Server thread/INFO]: KALAKA111 has made the advancement [Stone Age]
[00:24:48] [Server thread/INFO]: KALAKA111 has made the advancement [Getting an Upgrade]
[00:26:56] [Server thread/INFO]: KALAKA111 has made the advancement [Sweet Dreams]
[00:26:58] [Server thread/INFO]: valen_cunzo has made the advancement [Sweet Dreams]
[00:29:33] [Server thread/INFO]: valen_cunzo has made the advancement [Acquire Hardware]
[00:30:32] [Server thread/INFO]: valen_cunzo has made the advancement [Isn't It Iron Pick]
[00:31:31] [Server thread/INFO]: KALAKA111 has made the advancement [Acquire Hardware]
[00:42:38] [Server thread/INFO]: AgusRSL[/100.86.139.48:57844] logged in with entity id 8987 at (-167.0446564027786, 79.0, 44.94852759620593)
[00:42:38] [Server thread/INFO]: AgusRSL joined the game
[00:43:08] [Server thread/INFO]: AgusRSL lost connection: Disconnected
[00:43:08] [Server thread/INFO]: AgusRSL left the game
[00:44:07] [Server thread/INFO]: AgusRSL[/100.86.139.48:57899] logged in with entity id 9394 at (-181.69999998807907, 78.0, 45.649708160099685)
[00:44:07] [Server thread/INFO]: AgusRSL joined the game
[00:55:09] [Server thread/INFO]: AgusRSL has made the advancement [Ice Bucket Challenge]
[00:57:17] [Server thread/INFO]: valen_cunzo has made the advancement [Take Aim]
[00:58:22] [Server thread/INFO]: AgusRSL has made the advancement [Sweet Dreams]
[01:05:51] [Server thread/WARN]: Mismatch in destroy block pos: ja{x=-95, y=68, z=-297} ja{x=-96, y=66, z=-297}
[01:08:08] [Server thread/WARN]: KALAKA111 moved wrongly!
[01:21:01] [Server thread/INFO]: valen_cunzo lost connection: Disconnected
[01:21:01] [Server thread/INFO]: valen_cunzo left the game
[01:42:02] [Server thread/INFO]: KALAKA111 has made the advancement [Isn't It Iron Pick]
[01:42:54] [Server thread/INFO]: KALAKA111 has made the advancement [Diamonds!]
[01:46:46] [Server thread/INFO]: KALAKA111 was slain by Zombie
[01:56:43] [Server thread/INFO]: AgusRSL has made the advancement [Acquire Hardware]
[01:57:41] [Server thread/INFO]: AgusRSL has made the advancement [Isn't It Iron Pick]
[01:59:38] [Server thread/INFO]: KALAKA111 was slain by Spider
[02:02:12] [Server thread/INFO]: KALAKA111 lost connection: Disconnected
[02:02:12] [Server thread/INFO]: KALAKA111 left the game
[02:03:33] [Server thread/INFO]: KALAKA111[/100.90.168.62:54836] logged in with entity id 49166 at (195.13863810036895, 66.0, -634.9877064189352)
[02:03:33] [Server thread/INFO]: KALAKA111 joined the game
[02:05:45] [Server thread/INFO]: KALAKA111 lost connection: Disconnected
[02:05:45] [Server thread/INFO]: KALAKA111 left the game
[02:05:47] [Server thread/INFO]: AgusRSL lost connection: Disconnected
[02:05:47] [Server thread/INFO]: AgusRSL left the game
[02:06:47] [Server thread/INFO]: Server empty for 60 seconds, pausing
